app/build/intermediates/manifest_merge_blame_file/debug/manifest-merger-blame-debug-report.txt
1<?xml version="1.0" encoding="utf-8"?>
2<manifest xmlns:android="http://schemas.android.com/apk/res/android"
3    package="com.smartpocket"
4    android:versionCode="1"
5    android:versionName="1.0" >
6
7    <uses-sdk
8        android:minSdkVersion="26"
9        android:targetSdkVersion="34" />
10
11    <!-- Sensor permissions -->
12    <uses-feature
12-->src/main/AndroidManifest.xml:6:5-95
13        android:name="android.hardware.sensor.proximity"
13-->src/main/AndroidManifest.xml:6:19-67
14        android:required="false" />
14-->src/main/AndroidManifest.xml:6:68-92
15    <uses-feature
15-->src/main/AndroidManifest.xml:7:5-91
16        android:name="android.hardware.sensor.light"
16-->src/main/AndroidManifest.xml:7:19-63
17        android:required="false" />
17-->src/main/AndroidManifest.xml:7:64-88
18
19    <!-- Camera -->
20    <uses-permission android:name="android.permission.CAMERA" />
20-->src/main/AndroidManifest.xml:10:5-65
20-->src/main/AndroidManifest.xml:10:22-62
21
22    <uses-feature
22-->src/main/AndroidManifest.xml:11:5-84
23        android:name="android.hardware.camera"
23-->src/main/AndroidManifest.xml:11:19-57
24        android:required="true" />
24-->src/main/AndroidManifest.xml:11:58-81
25    <uses-feature
25-->src/main/AndroidManifest.xml:12:5-90
26        android:name="android.hardware.camera.front"
26-->src/main/AndroidManifest.xml:12:19-63
27        android:required="true" />
27-->src/main/AndroidManifest.xml:12:64-87
28
29    <!-- Bluetooth -->
30    <uses-permission
30-->src/main/AndroidManifest.xml:15:5-95
31        android:name="android.permission.BLUETOOTH"
31-->src/main/AndroidManifest.xml:15:22-65
32        android:maxSdkVersion="30" />
32-->src/main/AndroidManifest.xml:15:66-92
33    <uses-permission
33-->src/main/AndroidManifest.xml:16:5-101
34        android:name="android.permission.BLUETOOTH_ADMIN"
34-->src/main/AndroidManifest.xml:16:22-71
35        android:maxSdkVersion="30" />
35-->src/main/AndroidManifest.xml:16:72-98
36    <uses-permission
36-->src/main/AndroidManifest.xml:17:5-19:31
37        android:name="android.permission.BLUETOOTH_SCAN"
37-->src/main/AndroidManifest.xml:17:22-70
38        android:usesPermissionFlags="neverForLocation" />
38-->src/main/AndroidManifest.xml:18:9-55
39    <uses-permission android:name="android.permission.BLUETOOTH_CONNECT" />
39-->src/main/AndroidManifest.xml:20:5-76
39-->src/main/AndroidManifest.xml:20:22-73
40    <uses-permission android:name="android.permission.ACCESS_COARSE_LOCATION" />
40-->src/main/AndroidManifest.xml:21:5-81
40-->src/main/AndroidManifest.xml:21:22-78
41    <uses-permission android:name="android.permission.ACCESS_FINE_LOCATION" />
41-->src/main/AndroidManifest.xml:22:5-79
41-->src/main/AndroidManifest.xml:22:22-76
42
43    <!-- Notifications & Alerts -->
44    <uses-permission android:name="android.permission.VIBRATE" />
44-->src/main/AndroidManifest.xml:25:5-66
44-->src/main/AndroidManifest.xml:25:22-63
45    <uses-permission android:name="android.permission.POST_NOTIFICATIONS" />
45-->src/main/AndroidManifest.xml:26:5-77
45-->src/main/AndroidManifest.xml:26:22-74
46    <uses-permission android:name="android.permission.FOREGROUND_SERVICE" />
46-->src/main/AndroidManifest.xml:27:5-77
46-->src/main/AndroidManifest.xml:27:22-74
47    <uses-permission android:name="android.permission.FOREGROUND_SERVICE_CONNECTED_DEVICE" />
47-->src/main/AndroidManifest.xml:28:5-94
47-->src/main/AndroidManifest.xml:28:22-91
48    <uses-permission android:name="android.permission.FOREGROUND_SERVICE_CAMERA" />
48-->src/main/AndroidManifest.xml:29:5-84
48-->src/main/AndroidManifest.xml:29:22-81
49    <uses-permission android:name="android.permission.RECEIVE_BOOT_COMPLETED" />
49-->src/main/AndroidManifest.xml:30:5-81
49-->src/main/AndroidManifest.xml:30:22-78
50    <uses-permission android:name="android.permission.WAKE_LOCK" />
50-->src/main/AndroidManifest.xml:31:5-68
50-->src/main/AndroidManifest.xml:31:22-65
51
52    <!-- Device Admin (for lockdown) -->
53    <uses-permission android:name="android.permission.BIND_DEVICE_ADMIN" />
53-->src/main/AndroidManifest.xml:34:5-76
53-->src/main/AndroidManifest.xml:34:22-73
54
55    <!-- Audio (alert sounds) -->
56    <uses-permission android:name="android.permission.MODIFY_AUDIO_SETTINGS" />
56-->src/main/AndroidManifest.xml:37:5-80
56-->src/main/AndroidManifest.xml:37:22-77
57    <uses-permission android:name="android.permission.USE_BIOMETRIC" /> <!-- suppress DeprecatedClassUsageInspection -->
57-->[androidx.biometric:biometric:1.1.0] AndroidManifest.xml:24:5-72
57-->[androidx.biometric:biometric:1.1.0] AndroidManifest.xml:24:22-69
58    <uses-permission android:name="android.permission.USE_FINGERPRINT" />
58-->[androidx.biometric:biometric:1.1.0] AndroidManifest.xml:27:5-74
58-->[androidx.biometric:biometric:1.1.0] AndroidManifest.xml:27:22-71
59    <uses-permission android:name="android.permission.ACCESS_NETWORK_STATE" />
59-->[androidx.work:work-runtime:2.9.0] AndroidManifest.xml:24:5-79
59-->[androidx.work:work-runtime:2.9.0] AndroidManifest.xml:24:22-76
60
61    <permission
61-->[androidx.core:core:1.12.0] AndroidManifest.xml:22:5-24:47
62        android:name="com.smartpocket.DYNAMIC_RECEIVER_NOT_EXPORTED_PERMISSION"
62-->[androidx.core:core:1.12.0] AndroidManifest.xml:23:9-81
63        android:protectionLevel="signature" />
63-->[androidx.core:core:1.12.0] AndroidManifest.xml:24:9-44
64
65    <uses-permission android:name="com.smartpocket.DYNAMIC_RECEIVER_NOT_EXPORTED_PERMISSION" />
65-->[androidx.core:core:1.12.0] AndroidManifest.xml:26:5-97
65-->[androidx.core:core:1.12.0] AndroidManifest.xml:26:22-94
66    <uses-permission android:name="android.permission.INTERNET" />
66-->[com.google.android.datatransport:transport-backend-cct:2.3.3] AndroidManifest.xml:26:5-67
66-->[com.google.android.datatransport:transport-backend-cct:2.3.3] AndroidManifest.xml:26:22-64
67
68    <application
68-->src/main/AndroidManifest.xml:39:5-106:19
69        android:allowBackup="true"
69-->src/main/AndroidManifest.xml:40:9-35
70        android:appComponentFactory="androidx.core.app.CoreComponentFactory"
70-->[androidx.core:core:1.12.0] AndroidManifest.xml:28:18-86
71        android:dataExtractionRules="@xml/data_extraction_rules"
71-->src/main/AndroidManifest.xml:41:9-65
72        android:debuggable="true"
73        android:extractNativeLibs="false"
74        android:fullBackupContent="@xml/backup_rules"
74-->src/main/AndroidManifest.xml:42:9-54
75        android:icon="@mipmap/ic_launcher"
75-->src/main/AndroidManifest.xml:43:9-43
76        android:label="@string/app_name"
76-->src/main/AndroidManifest.xml:44:9-41
77        android:roundIcon="@mipmap/ic_launcher_round"
77-->src/main/AndroidManifest.xml:45:9-54
78        android:supportsRtl="true"
78-->src/main/AndroidManifest.xml:46:9-35
79        android:theme="@style/Theme.SmartPocket" >
79-->src/main/AndroidManifest.xml:47:9-49
80
81        <!-- Main Activity -->
82        <activity
82-->src/main/AndroidManifest.xml:51:9-60:20
83            android:name="com.smartpocket.ui.home.MainActivity"
83-->src/main/AndroidManifest.xml:52:13-49
84            android:exported="true"
84-->src/main/AndroidManifest.xml:53:13-36
85            android:screenOrientation="portrait"
85-->src/main/AndroidManifest.xml:55:13-49
86            android:windowSoftInputMode="adjustResize" >
86-->src/main/AndroidManifest.xml:54:13-55
87            <intent-filter>
87-->src/main/AndroidManifest.xml:56:13-59:29
88                <action android:name="android.intent.action.MAIN" />
88-->src/main/AndroidManifest.xml:57:17-69
88-->src/main/AndroidManifest.xml:57:25-66
89
90                <category android:name="android.intent.category.LAUNCHER" />
90-->src/main/AndroidManifest.xml:58:17-77
90-->src/main/AndroidManifest.xml:58:27-74
91            </intent-filter>
92        </activity>
93
94        <!-- Lockdown Activity (shown over lock screen) -->
95        <activity
95-->src/main/AndroidManifest.xml:63:9-69:65
96            android:name="com.smartpocket.ui.home.LockdownActivity"
96-->src/main/AndroidManifest.xml:64:13-53
97            android:exported="false"
97-->src/main/AndroidManifest.xml:65:13-37
98            android:screenOrientation="portrait"
98-->src/main/AndroidManifest.xml:68:13-49
99            android:showOnLockScreen="true"
99-->src/main/AndroidManifest.xml:66:13-44
100            android:theme="@style/Theme.SmartPocket.Lockdown"
100-->src/main/AndroidManifest.xml:69:13-62
101            android:turnScreenOn="true" />
101-->src/main/AndroidManifest.xml:67:13-40
102
103        <!-- Face Auth Activity -->
104        <activity
104-->src/main/AndroidManifest.xml:72:9-75:52
105            android:name="com.smartpocket.ui.faceauth.FaceAuthActivity"
105-->src/main/AndroidManifest.xml:73:13-57
106            android:exported="false"
106-->src/main/AndroidManifest.xml:74:13-37
107            android:screenOrientation="portrait" />
107-->src/main/AndroidManifest.xml:75:13-49
108
109        <!-- Background Security Service -->
110        <service
110-->src/main/AndroidManifest.xml:78:9-81:70
111            android:name="com.smartpocket.service.SmartPocketService"
111-->src/main/AndroidManifest.xml:79:13-55
112            android:exported="false"
112-->src/main/AndroidManifest.xml:80:13-37
113            android:foregroundServiceType="connectedDevice|camera" />
113-->src/main/AndroidManifest.xml:81:13-67
114
115        <!-- Boot receiver -->
116        <receiver
116-->src/main/AndroidManifest.xml:84:9-91:20
117            android:name="com.smartpocket.service.BootReceiver"
117-->src/main/AndroidManifest.xml:85:13-49
118            android:exported="true" >
118-->src/main/AndroidManifest.xml:86:13-36
119            <intent-filter android:priority="999" >
119-->src/main/AndroidManifest.xml:87:13-90:29
119-->src/main/AndroidManifest.xml:87:28-50
120                <action android:name="android.intent.action.BOOT_COMPLETED" />
120-->src/main/AndroidManifest.xml:88:17-79
120-->src/main/AndroidManifest.xml:88:25-76
121                <action android:name="android.intent.action.QUICKBOOT_POWERON" />
121-->src/main/AndroidManifest.xml:89:17-82
121-->src/main/AndroidManifest.xml:89:25-79
122            </intent-filter>
123        </receiver>
124
125        <!-- Device Admin receiver (for lockdown) -->
126        <receiver
126-->src/main/AndroidManifest.xml:94:9-104:20
127            android:name="com.smartpocket.service.SmartPocketDeviceAdmin"
127-->src/main/AndroidManifest.xml:95:13-59
128            android:exported="true"
128-->src/main/AndroidManifest.xml:96:13-36
129            android:permission="android.permission.BIND_DEVICE_ADMIN" >
129-->src/main/AndroidManifest.xml:97:13-70
130            <meta-data
130-->src/main/AndroidManifest.xml:98:13-100:56
131                android:name="android.app.device_admin"
131-->src/main/AndroidManifest.xml:99:17-56
132                android:resource="@xml/device_admin" />
132-->src/main/AndroidManifest.xml:100:17-53
133
134            <intent-filter>
134-->src/main/AndroidManifest.xml:101:13-103:29
135                <action android:name="android.app.action.DEVICE_ADMIN_ENABLED" />
135-->src/main/AndroidManifest.xml:102:17-82
135-->src/main/AndroidManifest.xml:102:25-79
136            </intent-filter>
137        </receiver>
138
139        <service
139-->[androidx.camera:camera-camera2:1.3.1] AndroidManifest.xml:24:9-33:19
140            android:name="androidx.camera.core.impl.MetadataHolderService"
140-->[androidx.camera:camera-camera2:1.3.1] AndroidManifest.xml:25:13-75
141            android:enabled="false"
141-->[androidx.camera:camera-camera2:1.3.1] AndroidManifest.xml:26:13-36
142            android:exported="false" >
142-->[androidx.camera:camera-camera2:1.3.1] AndroidManifest.xml:27:13-37
143            <meta-data
143-->[androidx.camera:camera-camera2:1.3.1] AndroidManifest.xml:30:13-32:89
144                android:name="androidx.camera.core.impl.MetadataHolderService.DEFAULT_CONFIG_PROVIDER"
144-->[androidx.camera:camera-camera2:1.3.1] AndroidManifest.xml:31:17-103
145                android:value="androidx.camera.camera2.Camera2Config$DefaultProvider" />
145-->[androidx.camera:camera-camera2:1.3.1] AndroidManifest.xml:32:17-86
146        </service>
147        <service
147-->[com.google.mlkit:face-mesh-detection:16.0.0-beta1] AndroidManifest.xml:8:9-14:19
148            android:name="com.google.mlkit.common.internal.MlKitComponentDiscoveryService"
148-->[com.google.mlkit:face-mesh-detection:16.0.0-beta1] AndroidManifest.xml:9:13-91
149            android:directBootAware="true"
149-->[com.google.mlkit:common:18.5.0] AndroidManifest.xml:17:13-43
150            android:exported="false" >
150-->[com.google.mlkit:face-mesh-detection:16.0.0-beta1] AndroidManifest.xml:10:13-37
151            <meta-data
151-->[com.google.mlkit:face-mesh-detection:16.0.0-beta1] AndroidManifest.xml:11:13-13:85
152                android:name="com.google.firebase.components:com.google.mlkit.vision.facemesh.internal.FaceMeshRegistrar"
152-->[com.google.mlkit:face-mesh-detection:16.0.0-beta1] AndroidManifest.xml:12:17-122
153                android:value="com.google.firebase.components.ComponentRegistrar" />
153-->[com.google.mlkit:face-mesh-detection:16.0.0-beta1] AndroidManifest.xml:13:17-82
154            <meta-data
154-->[com.google.android.gms:play-services-mlkit-face-detection:17.0.1] AndroidManifest.xml:12:13-14:85
155                android:name="com.google.firebase.components:com.google.mlkit.vision.face.internal.FaceRegistrar"
155-->[com.google.android.gms:play-services-mlkit-face-detection:17.0.1] AndroidManifest.xml:13:17-114
156                android:value="com.google.firebase.components.ComponentRegistrar" />
156-->[com.google.android.gms:play-services-mlkit-face-detection:17.0.1] AndroidManifest.xml:14:17-82
157            <meta-data
157-->[com.google.mlkit:vision-common:17.2.1] AndroidManifest.xml:12:13-14:85
158                android:name="com.google.firebase.components:com.google.mlkit.vision.common.internal.VisionCommonRegistrar"
158-->[com.google.mlkit:vision-common:17.2.1] AndroidManifest.xml:13:17-124
159                android:value="com.google.firebase.components.ComponentRegistrar" />
159-->[com.google.mlkit:vision-common:17.2.1] AndroidManifest.xml:14:17-82
160            <meta-data
160-->[com.google.mlkit:common:18.5.0] AndroidManifest.xml:20:13-22:85
161                android:name="com.google.firebase.components:com.google.mlkit.common.internal.CommonComponentRegistrar"
161-->[com.google.mlkit:common:18.5.0] AndroidManifest.xml:21:17-120
162                android:value="com.google.firebase.components.ComponentRegistrar" />
162-->[com.google.mlkit:common:18.5.0] AndroidManifest.xml:22:17-82
163        </service>
164
165        <provider
165-->[com.google.mlkit:common:18.5.0] AndroidManifest.xml:9:9-13:38
166            android:name="com.google.mlkit.common.internal.MlKitInitProvider"
166-->[com.google.mlkit:common:18.5.0] AndroidManifest.xml:10:13-78
167            android:authorities="com.smartpocket.mlkitinitprovider"
167-->[com.google.mlkit:common:18.5.0] AndroidManifest.xml:11:13-69
168            android:exported="false"
168-->[com.google.mlkit:common:18.5.0] AndroidManifest.xml:12:13-37
169            android:initOrder="99" />
169-->[com.google.mlkit:common:18.5.0] AndroidManifest.xml:13:13-35
170
171        <activity
171-->[com.google.android.gms:play-services-base:18.1.0] AndroidManifest.xml:20:9-22:45
172            android:name="com.google.android.gms.common.api.GoogleApiActivity"
172-->[com.google.android.gms:play-services-base:18.1.0] AndroidManifest.xml:20:19-85
173            android:exported="false"
173-->[com.google.android.gms:play-services-base:18.1.0] AndroidManifest.xml:22:19-43
174            android:theme="@android:style/Theme.Translucent.NoTitleBar" />
174-->[com.google.android.gms:play-services-base:18.1.0] AndroidManifest.xml:21:19-78
175
176        <meta-data
176-->[com.google.android.gms:play-services-basement:18.1.0] AndroidManifest.xml:21:9-23:69
177            android:name="com.google.android.gms.version"
177-->[com.google.android.gms:play-services-basement:18.1.0] AndroidManifest.xml:22:13-58
178            android:value="@integer/google_play_services_version" />
178-->[com.google.android.gms:play-services-basement:18.1.0] AndroidManifest.xml:23:13-66
179
180        <provider
180-->[androidx.emoji2:emoji2:1.2.0] AndroidManifest.xml:24:9-32:20
181            android:name="androidx.startup.InitializationProvider"
181-->[androidx.emoji2:emoji2:1.2.0] AndroidManifest.xml:25:13-67
182            android:authorities="com.smartpocket.androidx-startup"
182-->[androidx.emoji2:emoji2:1.2.0] AndroidManifest.xml:26:13-68
183            android:exported="false" >
183-->[androidx.emoji2:emoji2:1.2.0] AndroidManifest.xml:27:13-37
184            <meta-data
184-->[androidx.emoji2:emoji2:1.2.0] AndroidManifest.xml:29:13-31:52
185                android:name="androidx.emoji2.text.EmojiCompatInitializer"
185-->[androidx.emoji2:emoji2:1.2.0] AndroidManifest.xml:30:17-75
186                android:value="androidx.startup" />
186-->[androidx.emoji2:emoji2:1.2.0] AndroidManifest.xml:31:17-49
187            <meta-data
187-->[androidx.work:work-runtime:2.9.0] AndroidManifest.xml:34:13-36:52
188                android:name="androidx.work.WorkManagerInitializer"
188-->[androidx.work:work-runtime:2.9.0] AndroidManifest.xml:35:17-68
189                android:value="androidx.startup" />
189-->[androidx.work:work-runtime:2.9.0] AndroidManifest.xml:36:17-49
190            <meta-data
190-->[androidx.lifecycle:lifecycle-process:2.7.0] AndroidManifest.xml:29:13-31:52
191                android:name="androidx.lifecycle.ProcessLifecycleInitializer"
191-->[androidx.lifecycle:lifecycle-process:2.7.0] AndroidManifest.xml:30:17-78
192                android:value="androidx.startup" />
192-->[androidx.lifecycle:lifecycle-process:2.7.0] AndroidManifest.xml:31:17-49
193            <meta-data
193-->[androidx.profileinstaller:profileinstaller:1.3.0] AndroidManifest.xml:29:13-31:52
194                android:name="androidx.profileinstaller.ProfileInstallerInitializer"
194-->[androidx.profileinstaller:profileinstaller:1.3.0] AndroidManifest.xml:30:17-85
195                android:value="androidx.startup" />
195-->[androidx.profileinstaller:profileinstaller:1.3.0] AndroidManifest.xml:31:17-49
196        </provider>
197
198        <service
198-->[androidx.work:work-runtime:2.9.0] AndroidManifest.xml:39:9-45:35
199            android:name="androidx.work.impl.background.systemalarm.SystemAlarmService"
199-->[androidx.work:work-runtime:2.9.0] AndroidManifest.xml:40:13-88
200            android:directBootAware="false"
200-->[androidx.work:work-runtime:2.9.0] AndroidManifest.xml:41:13-44
201            android:enabled="@bool/enable_system_alarm_service_default"
201-->[androidx.work:work-runtime:2.9.0] AndroidManifest.xml:42:13-72
202            android:exported="false" />
202-->[androidx.work:work-runtime:2.9.0] AndroidManifest.xml:43:13-37
203        <service
203-->[androidx.work:work-runtime:2.9.0] AndroidManifest.xml:46:9-52:35
204            android:name="androidx.work.impl.background.systemjob.SystemJobService"
204-->[androidx.work:work-runtime:2.9.0] AndroidManifest.xml:47:13-84
205            android:directBootAware="false"
205-->[androidx.work:work-runtime:2.9.0] AndroidManifest.xml:48:13-44
206            android:enabled="@bool/enable_system_job_service_default"
206-->[androidx.work:work-runtime:2.9.0] AndroidManifest.xml:49:13-70
207            android:exported="true"
207-->[androidx.work:work-runtime:2.9.0] AndroidManifest.xml:50:13-36
208            android:permission="android.permission.BIND_JOB_SERVICE" />
208-->[androidx.work:work-runtime:2.9.0] AndroidManifest.xml:51:13-69
209        <service
209-->[androidx.work:work-runtime:2.9.0] AndroidManifest.xml:53:9-59:35
210            android:name="androidx.work.impl.foreground.SystemForegroundService"
210-->[androidx.work:work-runtime:2.9.0] AndroidManifest.xml:54:13-81
211            android:directBootAware="false"
211-->[androidx.work:work-runtime:2.9.0] AndroidManifest.xml:55:13-44
212            android:enabled="@bool/enable_system_foreground_service_default"
212-->[androidx.work:work-runtime:2.9.0] AndroidManifest.xml:56:13-77
213            android:exported="false" />
213-->[androidx.work:work-runtime:2.9.0] AndroidManifest.xml:57:13-37
214
215        <receiver
215-->[androidx.work:work-runtime:2.9.0] AndroidManifest.xml:61:9-66:35
216            android:name="androidx.work.impl.utils.ForceStopRunnable$BroadcastReceiver"
216-->[androidx.work:work-runtime:2.9.0] AndroidManifest.xml:62:13-88
217            android:directBootAware="false"
217-->[androidx.work:work-runtime:2.9.0] AndroidManifest.xml:63:13-44
218            android:enabled="true"
218-->[androidx.work:work-runtime:2.9.0] AndroidManifest.xml:64:13-35
219            android:exported="false" />
219-->[androidx.work:work-runtime:2.9.0] AndroidManifest.xml:65:13-37
220        <receiver
220-->[androidx.work:work-runtime:2.9.0] AndroidManifest.xml:67:9-77:20
221            android:name="androidx.work.impl.background.systemalarm.ConstraintProxy$BatteryChargingProxy"
221-->[androidx.work:work-runtime:2.9.0] AndroidManifest.xml:68:13-106
222            android:directBootAware="false"
222-->[androidx.work:work-runtime:2.9.0] AndroidManifest.xml:69:13-44
223            android:enabled="false"
223-->[androidx.work:work-runtime:2.9.0] AndroidManifest.xml:70:13-36
224            android:exported="false" >
224-->[androidx.work:work-runtime:2.9.0] AndroidManifest.xml:71:13-37
225            <intent-filter>
225-->[androidx.work:work-runtime:2.9.0] AndroidManifest.xml:73:13-76:29
226                <action android:name="android.intent.action.ACTION_POWER_CONNECTED" />
226-->[androidx.work:work-runtime:2.9.0] AndroidManifest.xml:74:17-87
226-->[androidx.work:work-runtime:2.9.0] AndroidManifest.xml:74:25-84
227                <action android:name="android.intent.action.ACTION_POWER_DISCONNECTED" />
227-->[androidx.work:work-runtime:2.9.0] AndroidManifest.xml:75:17-90
227-->[androidx.work:work-runtime:2.9.0] AndroidManifest.xml:75:25-87
228            </intent-filter>
229        </receiver>
230        <receiver
230-->[androidx.work:work-runtime:2.9.0] AndroidManifest.xml:78:9-88:20
231            android:name="androidx.work.impl.background.systemalarm.ConstraintProxy$BatteryNotLowProxy"
231-->[androidx.work:work-runtime:2.9.0] AndroidManifest.xml:79:13-104
232            android:directBootAware="false"
232-->[androidx.work:work-runtime:2.9.0] AndroidManifest.xml:80:13-44
233            android:enabled="false"
233-->[androidx.work:work-runtime:2.9.0] AndroidManifest.xml:81:13-36
234            android:exported="false" >
234-->[androidx.work:work-runtime:2.9.0] AndroidManifest.xml:82:13-37
235            <intent-filter>
235-->[androidx.work:work-runtime:2.9.0] AndroidManifest.xml:84:13-87:29
236                <action android:name="android.intent.action.BATTERY_OKAY" />
236-->[androidx.work:work-runtime:2.9.0] AndroidManifest.xml:85:17-77
236-->[androidx.work:work-runtime:2.9.0] AndroidManifest.xml:85:25-74
237                <action android:name="android.intent.action.BATTERY_LOW" />
237-->[androidx.work:work-runtime:2.9.0] AndroidManifest.xml:86:17-76
237-->[androidx.work:work-runtime:2.9.0] AndroidManifest.xml:86:25-73
238            </intent-filter>
239        </receiver>
240        <receiver
240-->[androidx.work:work-runtime:2.9.0] AndroidManifest.xml:89:9-99:20
241            android:name="androidx.work.impl.background.systemalarm.ConstraintProxy$StorageNotLowProxy"
241-->[androidx.work:work-runtime:2.9.0] AndroidManifest.xml:90:13-104
242            android:directBootAware="false"
242-->[androidx.work:work-runtime:2.9.0] AndroidManifest.xml:91:13-44
243            android:enabled="false"
243-->[androidx.work:work-runtime:2.9.0] AndroidManifest.xml:92:13-36
244            android:exported="false" >
244-->[androidx.work:work-runtime:2.9.0] AndroidManifest.xml:93:13-37
245            <intent-filter>
245-->[androidx.work:work-runtime:2.9.0] AndroidManifest.xml:95:13-98:29
246                <action android:name="android.intent.action.DEVICE_STORAGE_LOW" />
246-->[androidx.work:work-runtime:2.9.0] AndroidManifest.xml:96:17-83
246-->[androidx.work:work-runtime:2.9.0] AndroidManifest.xml:96:25-80
247                <action android:name="android.intent.action.DEVICE_STORAGE_OK" />
247-->[androidx.work:work-runtime:2.9.0] AndroidManifest.xml:97:17-82
247-->[androidx.work:work-runtime:2.9.0] AndroidManifest.xml:97:25-79
248            </intent-filter>
249        </receiver>
250        <receiver
250-->[androidx.work:work-runtime:2.9.0] AndroidManifest.xml:100:9-109:20
251            android:name="androidx.work.impl.background.systemalarm.ConstraintProxy$NetworkStateProxy"
251-->[androidx.work:work-runtime:2.9.0] AndroidManifest.xml:101:13-103
252            android:directBootAware="false"
252-->[androidx.work:work-runtime:2.9.0] AndroidManifest.xml:102:13-44
253            android:enabled="false"
253-->[androidx.work:work-runtime:2.9.0] AndroidManifest.xml:103:13-36
254            android:exported="false" >
254-->[androidx.work:work-runtime:2.9.0] AndroidManifest.xml:104:13-37
255            <intent-filter>
255-->[androidx.work:work-runtime:2.9.0] AndroidManifest.xml:106:13-108:29
256                <action android:name="android.net.conn.CONNECTIVITY_CHANGE" />
256-->[androidx.work:work-runtime:2.9.0] AndroidManifest.xml:107:17-79
256-->[androidx.work:work-runtime:2.9.0] AndroidManifest.xml:107:25-76
257            </intent-filter>
258        </receiver>
259        <receiver
259-->[androidx.work:work-runtime:2.9.0] AndroidManifest.xml:110:9-121:20
260            android:name="androidx.work.impl.background.systemalarm.RescheduleReceiver"
260-->[androidx.work:work-runtime:2.9.0] AndroidManifest.xml:111:13-88
261            android:directBootAware="false"
261-->[androidx.work:work-runtime:2.9.0] AndroidManifest.xml:112:13-44
262            android:enabled="false"
262-->[androidx.work:work-runtime:2.9.0] AndroidManifest.xml:113:13-36
263            android:exported="false" >
263-->[androidx.work:work-runtime:2.9.0] AndroidManifest.xml:114:13-37
264            <intent-filter>
264-->[androidx.work:work-runtime:2.9.0] AndroidManifest.xml:116:13-120:29
265                <action android:name="android.intent.action.BOOT_COMPLETED" />
265-->src/main/AndroidManifest.xml:88:17-79
265-->src/main/AndroidManifest.xml:88:25-76
266                <action android:name="android.intent.action.TIME_SET" />
266-->[androidx.work:work-runtime:2.9.0] AndroidManifest.xml:118:17-73
266-->[androidx.work:work-runtime:2.9.0] AndroidManifest.xml:118:25-70
267                <action android:name="android.intent.action.TIMEZONE_CHANGED" />
267-->[androidx.work:work-runtime:2.9.0] AndroidManifest.xml:119:17-81
267-->[androidx.work:work-runtime:2.9.0] AndroidManifest.xml:119:25-78
268            </intent-filter>
269        </receiver>
270        <receiver
270-->[androidx.work:work-runtime:2.9.0] AndroidManifest.xml:122:9-131:20
271            android:name="androidx.work.impl.background.systemalarm.ConstraintProxyUpdateReceiver"
271-->[androidx.work:work-runtime:2.9.0] AndroidManifest.xml:123:13-99
272            android:directBootAware="false"
272-->[androidx.work:work-runtime:2.9.0] AndroidManifest.xml:124:13-44
273            android:enabled="@bool/enable_system_alarm_service_default"
273-->[androidx.work:work-runtime:2.9.0] AndroidManifest.xml:125:13-72
274            android:exported="false" >
274-->[androidx.work:work-runtime:2.9.0] AndroidManifest.xml:126:13-37
275            <intent-filter>
275-->[androidx.work:work-runtime:2.9.0] AndroidManifest.xml:128:13-130:29
276                <action android:name="androidx.work.impl.background.systemalarm.UpdateProxies" />
276-->[androidx.work:work-runtime:2.9.0] AndroidManifest.xml:129:17-98
276-->[androidx.work:work-runtime:2.9.0] AndroidManifest.xml:129:25-95
277            </intent-filter>
278        </receiver>
279        <receiver
279-->[androidx.work:work-runtime:2.9.0] AndroidManifest.xml:132:9-142:20
280            android:name="androidx.work.impl.diagnostics.DiagnosticsReceiver"
280-->[androidx.work:work-runtime:2.9.0] AndroidManifest.xml:133:13-78
281            android:directBootAware="false"
281-->[androidx.work:work-runtime:2.9.0] AndroidManifest.xml:134:13-44
282            android:enabled="true"
282-->[androidx.work:work-runtime:2.9.0] AndroidManifest.xml:135:13-35
283            android:exported="true"
283-->[androidx.work:work-runtime:2.9.0] AndroidManifest.xml:136:13-36
284            android:permission="android.permission.DUMP" >
284-->[androidx.work:work-runtime:2.9.0] AndroidManifest.xml:137:13-57
285            <intent-filter>
285-->[androidx.work:work-runtime:2.9.0] AndroidManifest.xml:139:13-141:29
286                <action android:name="androidx.work.diagnostics.REQUEST_DIAGNOSTICS" />
286-->[androidx.work:work-runtime:2.9.0] AndroidManifest.xml:140:17-88
286-->[androidx.work:work-runtime:2.9.0] AndroidManifest.xml:140:25-85
287            </intent-filter>
288        </receiver>
289
290        <uses-library
290-->[androidx.window:window:1.0.0] AndroidManifest.xml:25:9-27:40
291            android:name="androidx.window.extensions"
291-->[androidx.window:window:1.0.0] AndroidManifest.xml:26:13-54
292            android:required="false" />
292-->[androidx.window:window:1.0.0] AndroidManifest.xml:27:13-37
293        <uses-library
293-->[androidx.window:window:1.0.0] AndroidManifest.xml:28:9-30:40
294            android:name="androidx.window.sidecar"
294-->[androidx.window:window:1.0.0] AndroidManifest.xml:29:13-51
295            android:required="false" />
295-->[androidx.window:window:1.0.0] AndroidManifest.xml:30:13-37
296
297        <service
297-->[androidx.room:room-runtime:2.6.1] AndroidManifest.xml:24:9-28:63